configure: Configuration created at Sat Oct 26 14:47:47 CST 2024.
checking for basename... /usr/bin/basename
checking for dirname... /usr/bin/dirname
checking for file... /usr/bin/file
checking for ldd... no
checking for echo... echo [builtin]
checking for tr... /usr/bin/tr
checking for uname... /usr/bin/uname
checking for wc... /usr/bin/wc
checking for grep that handles long lines and -e... /usr/bin/grep
checking for egrep... /usr/bin/grep -E
checking for a sed that does not truncate output... /opt/homebrew/bin/gsed
checking for cygpath... [not found]
checking for wslpath... [not found]
checking for cmd.exe... [not found]
checking build system type... aarch64-apple-darwin23.6.0
checking host system type... aarch64-apple-darwin23.6.0
checking target system type... aarch64-apple-darwin23.6.0
checking openjdk-build os-cpu... macosx-aarch64
checking openjdk-target os-cpu... macosx-aarch64
configure: --with-target-bits are set to build platform address size; argument has no meaning
checking compilation type... native
checking for top-level directory... /Users/robin/jdk
checking for bash... /bin/bash
checking for cat... /bin/cat
checking for chmod... /bin/chmod
checking for cp... /bin/cp
checking for cut... /usr/bin/cut
checking for date... /bin/date
checking for gdiff... [not found]
checking for diff... /usr/bin/diff
checking for expr... /bin/expr
checking for find... /usr/bin/find
checking for gunzip... /usr/bin/gunzip
checking for pigz... [not found]
checking for gzip... /usr/bin/gzip
checking for head... /usr/bin/head
checking for ln... /bin/ln
checking for ls... /bin/ls
checking for gmkdir... [not found]
checking for mkdir... /bin/mkdir
checking for mktemp... /usr/bin/mktemp
checking for mv... /bin/mv
checking for gawk... /opt/homebrew/bin/gawk
checking for printf... printf [builtin]
checking for rm... /bin/rm
checking for rmdir... /bin/rmdir
checking for sh... /bin/sh
checking for sort... /usr/bin/sort
checking for tail... /usr/bin/tail
checking for gtar... [not found]
checking for tar... /usr/bin/tar
checking for tee... /usr/bin/tee
checking for touch... /usr/bin/touch
checking for xargs... /usr/bin/xargs
checking for fgrep... /usr/bin/grep -F
checking for df... /bin/df
checking for git... /usr/bin/git
checking for nice... /usr/bin/nice
checking for greadlink... [not found]
checking for readlink... /usr/bin/readlink
checking for whoami... /usr/bin/whoami
checking for lsb_release... [not found]
checking for cmp... /usr/bin/cmp
checking for uniq... /usr/bin/uniq
checking for build environment type... dev, default (calculated from 'auto')
checking if custom source is suppressed (openjdk-only)... disabled, default
checking for --enable-debug... disabled, default
checking which debug level to use... slowdebug
checking which variants of the JVM to build... server
checking if absolute paths should be allowed in the build output... yes, debug build
checking for toolchain path... 
checking for sdk name... macosx
checking for xcodebuild... /usr/bin/xcodebuild
configure: WARNING: Ignoring the located xcodebuild tool /usr/bin/xcodebuild due to an error: xcode-select: error: tool 'xcodebuild' requires Xcode, but active developer directory '/Library/Developer/CommandLineTools' is a command line tools instance
checking for xcrun... /usr/bin/xcrun
configure: Setting sysroot from xcrun with SDK macosx
checking for sysroot... /Library/Developer/CommandLineTools/SDKs/MacOSX.sdk
checking for extra path... 
checking where to store configuration... in default location
checking what configuration name to use... macosx-aarch64-server-slowdebug
checking for zypper... [not found]
checking for apt-get... [not found]
checking for yum... [not found]
checking for brew... /usr/local/bin/brew
checking for pandoc... [not found]
checking for gmake... /opt/homebrew/bin/gmake
configure: Testing potential make at /opt/homebrew/bin/gmake, found using gmake in PATH
configure: Using GNU make at /opt/homebrew/bin/gmake (version: GNU Make 4.4.1)
checking if make --output-sync is supported... yes
checking for make --output-sync value... none, default
checking if find supports -delete... yes
checking what type of tar was found... bsd
checking that grep (/usr/bin/grep) -Fx handles empty lines in the pattern list correctly... yes
checking for unzip... /usr/bin/unzip
checking for zip... /usr/bin/zip
checking for greadelf... [not found]
checking for readelf... [not found]
checking for dot... [not found]
checking for stat... /usr/bin/stat
checking for time... time [builtin]
checking for flock... /opt/homebrew/bin/flock
checking for dtrace... /usr/sbin/dtrace
checking for gpatch... [not found]
checking for patch... /usr/bin/patch
checking if date is a GNU compatible version... no
checking for dsymutil... /usr/bin/dsymutil
checking for mig... /usr/bin/mig
checking for xattr... /usr/bin/xattr
checking for codesign... /usr/bin/codesign
checking for SetFile... /usr/bin/SetFile
checking for ulimit... ulimit [builtin]
checking bash version... 3.2.57
checking if bash supports pipefail... yes
checking if bash supports errexit (-e)... yes
checking for pkg-config... /opt/homebrew/bin/pkg-config
checking pkg-config is at least version 0.9.0... yes
checking for default LOG value... 
checking for JMOD compression type... zip-1, default
checking if packaged modules are kept... enabled, default
checking for --with-build-user... robin, default
checking for --with-jdk-rc-name... OpenJDK Platform, default
checking for --with-vendor-name... N/A, default
checking for --with-vendor-url... https://openjdk.org/, default
checking for --with-vendor-bug-url... https://bugreport.java.com/bugreport/, default
checking for --with-vendor-vm-bug-url... https://bugreport.java.com/bugreport/crash.jsp, default
checking for --with-version-string... <none>, default
checking for --with-version-feature... 21, default
checking for --with-version-date... 2023-09-19, default
checking for --with-vendor-version-string... <disabled>, default
checking for --with-macosx-bundle-name-base... OpenJDK, default
checking for --with-macosx-bundle-id-base... net.java.openjdk-internal, default
checking for --with-macosx-bundle-build-version... 0, default
checking for version string... 21-internal-adhoc.robin.jdk
configure: Found potential Boot JDK using /usr/libexec/java_home 
checking for Boot JDK... /Users/robin/Library/Java/JavaVirtualMachines/azul-21/Contents/Home
checking Boot JDK version... openjdk version "21" 2023-09-19 OpenJDK Runtime Environment Zulu21.28+85-CA (build 21+35) OpenJDK 64-Bit Server VM Zulu21.28+85-CA (build 21+35, mixed mode, sharing)
checking for java [Boot JDK]... $BOOT_JDK/bin/java
checking for javac [Boot JDK]... $BOOT_JDK/bin/javac
checking for javadoc [Boot JDK]... $BOOT_JDK/bin/javadoc
checking for jar [Boot JDK]... $BOOT_JDK/bin/jar
checking if Boot JDK jar supports --date=TIMESTAMP... true
checking if Boot JDK is 32 or 64 bits... 64
checking for local Boot JDK Class Data Sharing (CDS)... yes, created
checking for Build JDK... yes, will use output dir
checking for docs-reference JDK... no, using interim javadoc for the docs-reference targets
checking what source date to use... 1729925270, from 'current' (default)
checking if we should build headless-only (no GUI)... disabled, default
checking if linker should clean out unused code (linktime-gc)... disabled, default
checking for graphviz dot... no, cannot generate full docs
checking for pandoc... no, cannot generate full docs
checking for --enable-full-docs... disabled, from default 'auto'
checking for cacerts file... default
checking for cacerts source... default
checking for --enable-unlimited-crypto... enabled, default
checking for jni library path... default
checking if static build is available... yes
checking if static build is enabled... disabled, default
configure: Using default toolchain clang (clang/LLVM)
checking for clang... /usr/bin/clang
checking resolved symbolic links for CC... no symlink
configure: Using clang C compiler version 15.0.0 [Apple clang version 15.0.0 (clang-1500.3.9.4) Target: arm64-apple-darwin23.6.0 Thread model: posix InstalledDir: /Library/Developer/CommandLineTools/usr/bin]
checking whether the C compiler works... yes
checking for C compiler default output file name... a.out
checking for suffix of executables... 
checking whether we are cross compiling... no
checking for suffix of object files... o
checking whether the compiler supports GNU C... yes
checking whether /usr/bin/clang accepts -g... yes
checking for /usr/bin/clang option to enable C11 features... none needed
checking for clang++... /usr/bin/clang++
checking resolved symbolic links for CXX... no symlink
configure: Using clang C++ compiler version 15.0.0 [Apple clang version 15.0.0 (clang-1500.3.9.4) Target: arm64-apple-darwin23.6.0 Thread model: posix InstalledDir: /Library/Developer/CommandLineTools/usr/bin]
checking whether the compiler supports GNU C++... yes
checking whether /usr/bin/clang++ accepts -g... yes
checking for /usr/bin/clang++ option to enable C++11 features... none needed
checking how to run the C preprocessor... /usr/bin/clang -E
checking how to run the C++ preprocessor... /usr/bin/clang++ -E
configure: Using clang linker version 1053.12 [@(#)PROGRAM:ld PROJECT:ld-1053.12]
checking for ar... /usr/bin/ar
checking for lipo... /usr/bin/lipo
checking for otool... /usr/bin/otool
checking for install_name_tool... /usr/bin/install_name_tool
checking for metal... [not found]
checking if metal can be run using xcrun... no
configure: error: XCode tool 'metal' neither found in path nor with xcrun
configure: Configuration created at Sat Oct 26 14:48:45 CST 2024.
checking for basename... /usr/bin/basename
checking for dirname... /usr/bin/dirname
checking for file... /usr/bin/file
checking for ldd... no
checking for echo... echo [builtin]
checking for tr... /usr/bin/tr
checking for uname... /usr/bin/uname
checking for wc... /usr/bin/wc
checking for grep that handles long lines and -e... /usr/bin/grep
checking for egrep... /usr/bin/grep -E
checking for a sed that does not truncate output... /opt/homebrew/bin/gsed
checking for cygpath... [not found]
checking for wslpath... [not found]
checking for cmd.exe... [not found]
checking build system type... aarch64-apple-darwin23.6.0
checking host system type... aarch64-apple-darwin23.6.0
checking target system type... aarch64-apple-darwin23.6.0
checking openjdk-build os-cpu... macosx-aarch64
checking openjdk-target os-cpu... macosx-aarch64
configure: --with-target-bits are set to build platform address size; argument has no meaning
checking compilation type... native
checking for top-level directory... /Users/robin/jdk
checking for bash... /bin/bash
checking for cat... /bin/cat
checking for chmod... /bin/chmod
checking for cp... /bin/cp
checking for cut... /usr/bin/cut
checking for date... /bin/date
checking for gdiff... [not found]
checking for diff... /usr/bin/diff
checking for expr... /bin/expr
checking for find... /usr/bin/find
checking for gunzip... /usr/bin/gunzip
checking for pigz... [not found]
checking for gzip... /usr/bin/gzip
checking for head... /usr/bin/head
checking for ln... /bin/ln
checking for ls... /bin/ls
checking for gmkdir... [not found]
checking for mkdir... /bin/mkdir
checking for mktemp... /usr/bin/mktemp
checking for mv... /bin/mv
checking for gawk... /opt/homebrew/bin/gawk
checking for printf... printf [builtin]
checking for rm... /bin/rm
checking for rmdir... /bin/rmdir
checking for sh... /bin/sh
checking for sort... /usr/bin/sort
checking for tail... /usr/bin/tail
checking for gtar... [not found]
checking for tar... /usr/bin/tar
checking for tee... /usr/bin/tee
checking for touch... /usr/bin/touch
checking for xargs... /usr/bin/xargs
checking for fgrep... /usr/bin/grep -F
checking for df... /bin/df
checking for git... /usr/bin/git
checking for nice... /usr/bin/nice
checking for greadlink... [not found]
checking for readlink... /usr/bin/readlink
checking for whoami... /usr/bin/whoami
checking for lsb_release... [not found]
checking for cmp... /usr/bin/cmp
checking for uniq... /usr/bin/uniq
checking for build environment type... dev, default (calculated from 'auto')
checking if custom source is suppressed (openjdk-only)... disabled, default
checking for --enable-debug... disabled, default
checking which debug level to use... slowdebug
checking which variants of the JVM to build... server
checking if absolute paths should be allowed in the build output... yes, debug build
checking for toolchain path... 
checking for sdk name... macosx
checking for xcodebuild... /usr/bin/xcodebuild
configure: WARNING: Ignoring the located xcodebuild tool /usr/bin/xcodebuild due to an error: xcode-select: error: tool 'xcodebuild' requires Xcode, but active developer directory '/Library/Developer/CommandLineTools' is a command line tools instance
checking for xcrun... /usr/bin/xcrun
configure: Setting sysroot from xcrun with SDK macosx
checking for sysroot... /Library/Developer/CommandLineTools/SDKs/MacOSX.sdk
checking for extra path... 
checking where to store configuration... in default location
checking what configuration name to use... macosx-aarch64-server-slowdebug
checking for zypper... [not found]
checking for apt-get... [not found]
checking for yum... [not found]
checking for brew... /usr/local/bin/brew
checking for pandoc... [not found]
checking for gmake... /opt/homebrew/bin/gmake
configure: Testing potential make at /opt/homebrew/bin/gmake, found using gmake in PATH
configure: Using GNU make at /opt/homebrew/bin/gmake (version: GNU Make 4.4.1)
checking if make --output-sync is supported... yes
checking for make --output-sync value... none, default
checking if find supports -delete... yes
checking what type of tar was found... bsd
checking that grep (/usr/bin/grep) -Fx handles empty lines in the pattern list correctly... yes
checking for unzip... /usr/bin/unzip
checking for zip... /usr/bin/zip
checking for greadelf... [not found]
checking for readelf... [not found]
checking for dot... [not found]
checking for stat... /usr/bin/stat
checking for time... time [builtin]
checking for flock... /opt/homebrew/bin/flock
checking for dtrace... /usr/sbin/dtrace
checking for gpatch... [not found]
checking for patch... /usr/bin/patch
checking if date is a GNU compatible version... no
checking for dsymutil... /usr/bin/dsymutil
checking for mig... /usr/bin/mig
checking for xattr... /usr/bin/xattr
checking for codesign... /usr/bin/codesign
checking for SetFile... /usr/bin/SetFile
checking for ulimit... ulimit [builtin]
checking bash version... 3.2.57
checking if bash supports pipefail... yes
checking if bash supports errexit (-e)... yes
checking for pkg-config... /opt/homebrew/bin/pkg-config
checking pkg-config is at least version 0.9.0... yes
checking for default LOG value... 
checking for JMOD compression type... zip-1, default
checking if packaged modules are kept... enabled, default
checking for --with-build-user... robin, default
checking for --with-jdk-rc-name... OpenJDK Platform, default
checking for --with-vendor-name... N/A, default
checking for --with-vendor-url... https://openjdk.org/, default
checking for --with-vendor-bug-url... https://bugreport.java.com/bugreport/, default
checking for --with-vendor-vm-bug-url... https://bugreport.java.com/bugreport/crash.jsp, default
checking for --with-version-string... <none>, default
checking for --with-version-feature... 21, default
checking for --with-version-date... 2023-09-19, default
checking for --with-vendor-version-string... <disabled>, default
checking for --with-macosx-bundle-name-base... OpenJDK, default
checking for --with-macosx-bundle-id-base... net.java.openjdk-internal, default
checking for --with-macosx-bundle-build-version... 0, default
checking for version string... 21-internal-adhoc.robin.jdk
configure: Found potential Boot JDK using /usr/libexec/java_home 
checking for Boot JDK... /Users/robin/Library/Java/JavaVirtualMachines/azul-21/Contents/Home
checking Boot JDK version... openjdk version "21" 2023-09-19 OpenJDK Runtime Environment Zulu21.28+85-CA (build 21+35) OpenJDK 64-Bit Server VM Zulu21.28+85-CA (build 21+35, mixed mode, sharing)
checking for java [Boot JDK]... $BOOT_JDK/bin/java
checking for javac [Boot JDK]... $BOOT_JDK/bin/javac
checking for javadoc [Boot JDK]... $BOOT_JDK/bin/javadoc
checking for jar [Boot JDK]... $BOOT_JDK/bin/jar
checking if Boot JDK jar supports --date=TIMESTAMP... true
checking if Boot JDK is 32 or 64 bits... 64
checking for local Boot JDK Class Data Sharing (CDS)... yes, created
checking for Build JDK... yes, will use output dir
checking for docs-reference JDK... no, using interim javadoc for the docs-reference targets
checking what source date to use... 1729925327, from 'current' (default)
checking if we should build headless-only (no GUI)... disabled, default
checking if linker should clean out unused code (linktime-gc)... disabled, default
checking for graphviz dot... no, cannot generate full docs
checking for pandoc... no, cannot generate full docs
checking for --enable-full-docs... disabled, from default 'auto'
checking for cacerts file... default
checking for cacerts source... default
checking for --enable-unlimited-crypto... enabled, default
checking for jni library path... default
checking if static build is available... yes
checking if static build is enabled... disabled, default
configure: Using default toolchain clang (clang/LLVM)
checking for clang... /usr/bin/clang
checking resolved symbolic links for CC... no symlink
configure: Using clang C compiler version 15.0.0 [Apple clang version 15.0.0 (clang-1500.3.9.4) Target: arm64-apple-darwin23.6.0 Thread model: posix InstalledDir: /Library/Developer/CommandLineTools/usr/bin]
checking whether the C compiler works... yes
checking for C compiler default output file name... a.out
checking for suffix of executables... 
checking whether we are cross compiling... no
checking for suffix of object files... o
checking whether the compiler supports GNU C... yes
checking whether /usr/bin/clang accepts -g... yes
checking for /usr/bin/clang option to enable C11 features... none needed
checking for clang++... /usr/bin/clang++
checking resolved symbolic links for CXX... no symlink
configure: Using clang C++ compiler version 15.0.0 [Apple clang version 15.0.0 (clang-1500.3.9.4) Target: arm64-apple-darwin23.6.0 Thread model: posix InstalledDir: /Library/Developer/CommandLineTools/usr/bin]
checking whether the compiler supports GNU C++... yes
checking whether /usr/bin/clang++ accepts -g... yes
checking for /usr/bin/clang++ option to enable C++11 features... none needed
checking how to run the C preprocessor... /usr/bin/clang -E
checking how to run the C++ preprocessor... /usr/bin/clang++ -E
configure: Using clang linker version 1053.12 [@(#)PROGRAM:ld PROJECT:ld-1053.12]
checking for ar... /usr/bin/ar
checking for lipo... /usr/bin/lipo
checking for otool... /usr/bin/otool
checking for install_name_tool... /usr/bin/install_name_tool
checking for metal... [not found]
checking if metal can be run using xcrun... no
configure: error: XCode tool 'metal' neither found in path nor with xcrun
configure: Configuration created at Sat Oct 26 14:56:34 CST 2024.
checking for basename... /usr/bin/basename
checking for dirname... /usr/bin/dirname
checking for file... /usr/bin/file
checking for ldd... no
checking for echo... echo [builtin]
checking for tr... /usr/bin/tr
checking for uname... /usr/bin/uname
checking for wc... /usr/bin/wc
checking for grep that handles long lines and -e... /usr/bin/grep
checking for egrep... /usr/bin/grep -E
checking for a sed that does not truncate output... /opt/homebrew/bin/gsed
checking for cygpath... [not found]
checking for wslpath... [not found]
checking for cmd.exe... [not found]
checking build system type... aarch64-apple-darwin23.6.0
checking host system type... aarch64-apple-darwin23.6.0
checking target system type... aarch64-apple-darwin23.6.0
checking openjdk-build os-cpu... macosx-aarch64
checking openjdk-target os-cpu... macosx-aarch64
configure: --with-target-bits are set to build platform address size; argument has no meaning
checking compilation type... native
checking for top-level directory... /Users/robin/jdk
checking for bash... /bin/bash
checking for cat... /bin/cat
checking for chmod... /bin/chmod
checking for cp... /bin/cp
checking for cut... /usr/bin/cut
checking for date... /bin/date
checking for gdiff... [not found]
checking for diff... /usr/bin/diff
checking for expr... /bin/expr
checking for find... /usr/bin/find
checking for gunzip... /usr/bin/gunzip
checking for pigz... [not found]
checking for gzip... /usr/bin/gzip
checking for head... /usr/bin/head
checking for ln... /bin/ln
checking for ls... /bin/ls
checking for gmkdir... [not found]
checking for mkdir... /bin/mkdir
checking for mktemp... /usr/bin/mktemp
checking for mv... /bin/mv
checking for gawk... /opt/homebrew/bin/gawk
checking for printf... printf [builtin]
checking for rm... /bin/rm
checking for rmdir... /bin/rmdir
checking for sh... /bin/sh
checking for sort... /usr/bin/sort
checking for tail... /usr/bin/tail
checking for gtar... [not found]
checking for tar... /usr/bin/tar
checking for tee... /usr/bin/tee
checking for touch... /usr/bin/touch
checking for xargs... /usr/bin/xargs
checking for fgrep... /usr/bin/grep -F
checking for df... /bin/df
checking for git... /usr/bin/git
checking for nice... /usr/bin/nice
checking for greadlink... [not found]
checking for readlink... /usr/bin/readlink
checking for whoami... /usr/bin/whoami
checking for lsb_release... [not found]
checking for cmp... /usr/bin/cmp
checking for uniq... /usr/bin/uniq
checking for build environment type... dev, default (calculated from 'auto')
checking if custom source is suppressed (openjdk-only)... disabled, default
checking for --enable-debug... disabled, default
checking which debug level to use... slowdebug
checking which variants of the JVM to build... server
checking if absolute paths should be allowed in the build output... yes, debug build
checking for toolchain path... 
checking for sdk name... macosx
checking for xcodebuild... /usr/bin/xcodebuild
configure: WARNING: Ignoring the located xcodebuild tool /usr/bin/xcodebuild due to an error: xcode-select: error: tool 'xcodebuild' requires Xcode, but active developer directory '/Library/Developer/CommandLineTools' is a command line tools instance
checking for xcrun... /usr/bin/xcrun
configure: Setting sysroot from xcrun with SDK macosx
checking for sysroot... /Library/Developer/CommandLineTools/SDKs/MacOSX.sdk
checking for extra path... 
checking where to store configuration... in default location
checking what configuration name to use... macosx-aarch64-server-slowdebug
checking for zypper... [not found]
checking for apt-get... [not found]
checking for yum... [not found]
checking for brew... /usr/local/bin/brew
checking for pandoc... [not found]
checking for gmake... /opt/homebrew/bin/gmake
configure: Testing potential make at /opt/homebrew/bin/gmake, found using gmake in PATH
configure: Using GNU make at /opt/homebrew/bin/gmake (version: GNU Make 4.4.1)
checking if make --output-sync is supported... yes
checking for make --output-sync value... none, default
checking if find supports -delete... yes
checking what type of tar was found... bsd
checking that grep (/usr/bin/grep) -Fx handles empty lines in the pattern list correctly... yes
checking for unzip... /usr/bin/unzip
checking for zip... /usr/bin/zip
checking for greadelf... [not found]
checking for readelf... [not found]
checking for dot... [not found]
checking for stat... /usr/bin/stat
checking for time... time [builtin]
checking for flock... /opt/homebrew/bin/flock
checking for dtrace... /usr/sbin/dtrace
checking for gpatch... [not found]
checking for patch... /usr/bin/patch
checking if date is a GNU compatible version... no
checking for dsymutil... /usr/bin/dsymutil
checking for mig... /usr/bin/mig
checking for xattr... /usr/bin/xattr
checking for codesign... /usr/bin/codesign
checking for SetFile... /usr/bin/SetFile
checking for ulimit... ulimit [builtin]
checking bash version... 3.2.57
checking if bash supports pipefail... yes
checking if bash supports errexit (-e)... yes
checking for pkg-config... /opt/homebrew/bin/pkg-config
checking pkg-config is at least version 0.9.0... yes
checking for default LOG value... 
checking for JMOD compression type... zip-1, default
checking if packaged modules are kept... enabled, default
checking for --with-build-user... robin, default
checking for --with-jdk-rc-name... OpenJDK Platform, default
checking for --with-vendor-name... N/A, default
checking for --with-vendor-url... https://openjdk.org/, default
checking for --with-vendor-bug-url... https://bugreport.java.com/bugreport/, default
checking for --with-vendor-vm-bug-url... https://bugreport.java.com/bugreport/crash.jsp, default
checking for --with-version-string... <none>, default
checking for --with-version-feature... 21, default
checking for --with-version-date... 2023-09-19, default
checking for --with-vendor-version-string... <disabled>, default
checking for --with-macosx-bundle-name-base... OpenJDK, default
checking for --with-macosx-bundle-id-base... net.java.openjdk-internal, default
checking for --with-macosx-bundle-build-version... 0, default
checking for version string... 21-internal-adhoc.robin.jdk
configure: Found potential Boot JDK using /usr/libexec/java_home 
checking for Boot JDK... /Users/robin/Library/Java/JavaVirtualMachines/azul-21/Contents/Home
checking Boot JDK version... openjdk version "21" 2023-09-19 OpenJDK Runtime Environment Zulu21.28+85-CA (build 21+35) OpenJDK 64-Bit Server VM Zulu21.28+85-CA (build 21+35, mixed mode, sharing)
checking for java [Boot JDK]... $BOOT_JDK/bin/java
checking for javac [Boot JDK]... $BOOT_JDK/bin/javac
checking for javadoc [Boot JDK]... $BOOT_JDK/bin/javadoc
checking for jar [Boot JDK]... $BOOT_JDK/bin/jar
checking if Boot JDK jar supports --date=TIMESTAMP... true
checking if Boot JDK is 32 or 64 bits... 64
checking for local Boot JDK Class Data Sharing (CDS)... yes, created
checking for Build JDK... yes, will use output dir
checking for docs-reference JDK... no, using interim javadoc for the docs-reference targets
checking what source date to use... 1729925797, from 'current' (default)
checking if we should build headless-only (no GUI)... disabled, default
checking if linker should clean out unused code (linktime-gc)... disabled, default
checking for graphviz dot... no, cannot generate full docs
checking for pandoc... no, cannot generate full docs
checking for --enable-full-docs... disabled, from default 'auto'
checking for cacerts file... default
checking for cacerts source... default
checking for --enable-unlimited-crypto... enabled, default
checking for jni library path... default
checking if static build is available... yes
checking if static build is enabled... disabled, default
configure: Using default toolchain clang (clang/LLVM)
checking for clang... /usr/bin/clang
checking resolved symbolic links for CC... no symlink
configure: Using clang C compiler version 16.0.0 [Apple clang version 16.0.0 (clang-1600.0.26.3) Target: arm64-apple-darwin23.6.0 Thread model: posix InstalledDir: /Library/Developer/CommandLineTools/usr/bin]
checking whether the C compiler works... yes
checking for C compiler default output file name... a.out
checking for suffix of executables... 
checking whether we are cross compiling... no
checking for suffix of object files... o
checking whether the compiler supports GNU C... yes
checking whether /usr/bin/clang accepts -g... yes
checking for /usr/bin/clang option to enable C11 features... none needed
checking for clang++... /usr/bin/clang++
checking resolved symbolic links for CXX... no symlink
configure: Using clang C++ compiler version 16.0.0 [Apple clang version 16.0.0 (clang-1600.0.26.3) Target: arm64-apple-darwin23.6.0 Thread model: posix InstalledDir: /Library/Developer/CommandLineTools/usr/bin]
checking whether the compiler supports GNU C++... yes
checking whether /usr/bin/clang++ accepts -g... yes
checking for /usr/bin/clang++ option to enable C++11 features... none needed
checking how to run the C preprocessor... /usr/bin/clang -E
checking how to run the C++ preprocessor... /usr/bin/clang++ -E
configure: Using clang linker version 1115.7.3 [@(#)PROGRAM:ld PROJECT:ld-1115.7.3]
checking for ar... /usr/bin/ar
checking for lipo... /usr/bin/lipo
checking for otool... /usr/bin/otool
checking for install_name_tool... /usr/bin/install_name_tool
checking for metal... [not found]
checking if metal can be run using xcrun... no
configure: error: XCode tool 'metal' neither found in path nor with xcrun
configure: Configuration created at Sat Oct 26 14:58:30 CST 2024.
checking for basename... /usr/bin/basename
checking for dirname... /usr/bin/dirname
checking for file... /usr/bin/file
checking for ldd... no
checking for echo... echo [builtin]
checking for tr... /usr/bin/tr
checking for uname... /usr/bin/uname
checking for wc... /usr/bin/wc
checking for grep that handles long lines and -e... /usr/bin/grep
checking for egrep... /usr/bin/grep -E
checking for a sed that does not truncate output... /opt/homebrew/bin/gsed
checking for cygpath... [not found]
checking for wslpath... [not found]
checking for cmd.exe... [not found]
checking build system type... aarch64-apple-darwin23.6.0
checking host system type... aarch64-apple-darwin23.6.0
checking target system type... aarch64-apple-darwin23.6.0
checking openjdk-build os-cpu... macosx-aarch64
checking openjdk-target os-cpu... macosx-aarch64
configure: --with-target-bits are set to build platform address size; argument has no meaning
checking compilation type... native
checking for top-level directory... /Users/robin/jdk
checking for bash... /bin/bash
checking for cat... /bin/cat
checking for chmod... /bin/chmod
checking for cp... /bin/cp
checking for cut... /usr/bin/cut
checking for date... /bin/date
checking for gdiff... [not found]
checking for diff... /usr/bin/diff
checking for expr... /bin/expr
checking for find... /usr/bin/find
checking for gunzip... /usr/bin/gunzip
checking for pigz... [not found]
checking for gzip... /usr/bin/gzip
checking for head... /usr/bin/head
checking for ln... /bin/ln
checking for ls... /bin/ls
checking for gmkdir... [not found]
checking for mkdir... /bin/mkdir
checking for mktemp... /usr/bin/mktemp
checking for mv... /bin/mv
checking for gawk... /opt/homebrew/bin/gawk
checking for printf... printf [builtin]
checking for rm... /bin/rm
checking for rmdir... /bin/rmdir
checking for sh... /bin/sh
checking for sort... /usr/bin/sort
checking for tail... /usr/bin/tail
checking for gtar... [not found]
checking for tar... /usr/bin/tar
checking for tee... /usr/bin/tee
checking for touch... /usr/bin/touch
checking for xargs... /usr/bin/xargs
checking for fgrep... /usr/bin/grep -F
checking for df... /bin/df
checking for git... /usr/bin/git
checking for nice... /usr/bin/nice
checking for greadlink... [not found]
checking for readlink... /usr/bin/readlink
checking for whoami... /usr/bin/whoami
checking for lsb_release... [not found]
checking for cmp... /usr/bin/cmp
checking for uniq... /usr/bin/uniq
checking for build environment type... dev, default (calculated from 'auto')
checking if custom source is suppressed (openjdk-only)... disabled, default
checking for --enable-debug... disabled, default
checking which debug level to use... slowdebug
checking which variants of the JVM to build... server
checking if absolute paths should be allowed in the build output... yes, debug build
checking for toolchain path... 
checking for sdk name... macosx
checking for xcodebuild... /usr/bin/xcodebuild
configure: WARNING: Ignoring the located xcodebuild tool /usr/bin/xcodebuild due to an error: xcode-select: error: tool 'xcodebuild' requires Xcode, but active developer directory '/Library/Developer/CommandLineTools' is a command line tools instance
checking for xcrun... /usr/bin/xcrun
configure: Setting sysroot from xcrun with SDK macosx
checking for sysroot... /Library/Developer/CommandLineTools/SDKs/MacOSX.sdk
checking for extra path... 
checking where to store configuration... in default location
checking what configuration name to use... macosx-aarch64-server-slowdebug
checking for zypper... [not found]
checking for apt-get... [not found]
checking for yum... [not found]
checking for brew... /usr/local/bin/brew
checking for pandoc... [not found]
checking for gmake... /opt/homebrew/bin/gmake
configure: Testing potential make at /opt/homebrew/bin/gmake, found using gmake in PATH
configure: Using GNU make at /opt/homebrew/bin/gmake (version: GNU Make 4.4.1)
checking if make --output-sync is supported... yes
checking for make --output-sync value... none, default
checking if find supports -delete... yes
checking what type of tar was found... bsd
checking that grep (/usr/bin/grep) -Fx handles empty lines in the pattern list correctly... yes
checking for unzip... /usr/bin/unzip
checking for zip... /usr/bin/zip
checking for greadelf... [not found]
checking for readelf... [not found]
checking for dot... [not found]
checking for stat... /usr/bin/stat
checking for time... time [builtin]
checking for flock... /opt/homebrew/bin/flock
checking for dtrace... /usr/sbin/dtrace
checking for gpatch... [not found]
checking for patch... /usr/bin/patch
checking if date is a GNU compatible version... no
checking for dsymutil... /usr/bin/dsymutil
checking for mig... /usr/bin/mig
checking for xattr... /usr/bin/xattr
checking for codesign... /usr/bin/codesign
checking for SetFile... /usr/bin/SetFile
checking for ulimit... ulimit [builtin]
checking bash version... 3.2.57
checking if bash supports pipefail... yes
checking if bash supports errexit (-e)... yes
checking for pkg-config... /opt/homebrew/bin/pkg-config
checking pkg-config is at least version 0.9.0... yes
checking for default LOG value... 
checking for JMOD compression type... zip-1, default
checking if packaged modules are kept... enabled, default
checking for --with-build-user... robin, default
checking for --with-jdk-rc-name... OpenJDK Platform, default
checking for --with-vendor-name... N/A, default
checking for --with-vendor-url... https://openjdk.org/, default
checking for --with-vendor-bug-url... https://bugreport.java.com/bugreport/, default
checking for --with-vendor-vm-bug-url... https://bugreport.java.com/bugreport/crash.jsp, default
checking for --with-version-string... <none>, default
checking for --with-version-feature... 21, default
checking for --with-version-date... 2023-09-19, default
checking for --with-vendor-version-string... <disabled>, default
checking for --with-macosx-bundle-name-base... OpenJDK, default
checking for --with-macosx-bundle-id-base... net.java.openjdk-internal, default
checking for --with-macosx-bundle-build-version... 0, default
checking for version string... 21-internal-adhoc.robin.jdk
configure: Found potential Boot JDK using /usr/libexec/java_home 
checking for Boot JDK... /Users/robin/Library/Java/JavaVirtualMachines/azul-21/Contents/Home
checking Boot JDK version... openjdk version "21" 2023-09-19 OpenJDK Runtime Environment Zulu21.28+85-CA (build 21+35) OpenJDK 64-Bit Server VM Zulu21.28+85-CA (build 21+35, mixed mode, sharing)
checking for java [Boot JDK]... $BOOT_JDK/bin/java
checking for javac [Boot JDK]... $BOOT_JDK/bin/javac
checking for javadoc [Boot JDK]... $BOOT_JDK/bin/javadoc
checking for jar [Boot JDK]... $BOOT_JDK/bin/jar
checking if Boot JDK jar supports --date=TIMESTAMP... true
checking if Boot JDK is 32 or 64 bits... 64
checking for local Boot JDK Class Data Sharing (CDS)... yes, created
checking for Build JDK... yes, will use output dir
checking for docs-reference JDK... no, using interim javadoc for the docs-reference targets
checking what source date to use... 1729925913, from 'current' (default)
checking if we should build headless-only (no GUI)... disabled, default
checking if linker should clean out unused code (linktime-gc)... disabled, default
checking for graphviz dot... no, cannot generate full docs
checking for pandoc... no, cannot generate full docs
checking for --enable-full-docs... disabled, from default 'auto'
checking for cacerts file... default
checking for cacerts source... default
checking for --enable-unlimited-crypto... enabled, default
checking for jni library path... default
checking if static build is available... yes
checking if static build is enabled... disabled, default
configure: Using default toolchain clang (clang/LLVM)
checking for clang... /usr/bin/clang
checking resolved symbolic links for CC... no symlink
configure: Using clang C compiler version 16.0.0 [Apple clang version 16.0.0 (clang-1600.0.26.3) Target: arm64-apple-darwin23.6.0 Thread model: posix InstalledDir: /Library/Developer/CommandLineTools/usr/bin]
checking whether the C compiler works... yes
checking for C compiler default output file name... a.out
checking for suffix of executables... 
checking whether we are cross compiling... no
checking for suffix of object files... o
checking whether the compiler supports GNU C... yes
checking whether /usr/bin/clang accepts -g... yes
checking for /usr/bin/clang option to enable C11 features... none needed
checking for clang++... /usr/bin/clang++
checking resolved symbolic links for CXX... no symlink
configure: Using clang C++ compiler version 16.0.0 [Apple clang version 16.0.0 (clang-1600.0.26.3) Target: arm64-apple-darwin23.6.0 Thread model: posix InstalledDir: /Library/Developer/CommandLineTools/usr/bin]
checking whether the compiler supports GNU C++... yes
checking whether /usr/bin/clang++ accepts -g... yes
checking for /usr/bin/clang++ option to enable C++11 features... none needed
checking how to run the C preprocessor... /usr/bin/clang -E
checking how to run the C++ preprocessor... /usr/bin/clang++ -E
configure: Using clang linker version 1115.7.3 [@(#)PROGRAM:ld PROJECT:ld-1115.7.3]
checking for ar... /usr/bin/ar
checking for lipo... /usr/bin/lipo
checking for otool... /usr/bin/otool
checking for install_name_tool... /usr/bin/install_name_tool
checking for metal... [not found]
checking if metal can be run using xcrun... no
configure: error: XCode tool 'metal' neither found in path nor with xcrun
